<?xml version="1.0" encoding="UTF-8"?>
<robot generator="Robot 6.1.1 (Python 3.12.0 on linux)" generated="20231120 12:25:13.476" rpa="false" schemaversion="4">
<suite id="s1" name="Tests" source="/home/anessina/palautusrepositorio/viikko3/web-login/src/tests">
<suite id="s1-s1" name="Home" source="/home/anessina/palautusrepositorio/viikko3/web-login/src/tests/home.robot">
<kw name="Open And Configure Browser" library="resource" type="SETUP">
<kw name="Evaluate" library="BuiltIn">
<var>${options}</var>
<arg>sys.modules['selenium.webdriver'].ChromeOptions()</arg>
<arg>sys</arg>
<doc>Evaluates the given expression in Python and returns the result.</doc>
<msg timestamp="20231120 12:25:13.602" level="INFO">${options} = &lt;selenium.webdriver.chrome.options.Options object at 0x7f4071528920&gt;</msg>
<status status="PASS" starttime="20231120 12:25:13.602" endtime="20231120 12:25:13.602"/>
</kw>
<kw name="Call Method" library="BuiltIn">
<arg>${options}</arg>
<arg>add_argument</arg>
<arg>--no-sandbox</arg>
<doc>Calls the named method of the given object with the provided arguments.</doc>
<status status="PASS" starttime="20231120 12:25:13.602" endtime="20231120 12:25:13.602"/>
</kw>
<kw name="Call Method" library="BuiltIn">
<arg>${options}</arg>
<arg>add_argument</arg>
<arg>--headless</arg>
<doc>Calls the named method of the given object with the provided arguments.</doc>
<status status="PASS" starttime="20231120 12:25:13.602" endtime="20231120 12:25:13.602"/>
</kw>
<kw name="Open Browser" library="SeleniumLibrary">
<arg>browser=chrome</arg>
<arg>options=${options}</arg>
<doc>Opens a new browser instance to the optional ``url``.</doc>
<msg timestamp="20231120 12:25:13.602" level="INFO">Opening browser 'chrome' to base url 'None'.</msg>
<status status="PASS" starttime="20231120 12:25:13.602" endtime="20231120 12:25:14.274"/>
</kw>
<kw name="Set Selenium Speed" library="SeleniumLibrary">
<arg>${DELAY}</arg>
<doc>Sets the delay that is waited after each Selenium command.</doc>
<status status="PASS" starttime="20231120 12:25:14.275" endtime="20231120 12:25:14.275"/>
</kw>
<status status="PASS" starttime="20231120 12:25:13.601" endtime="20231120 12:25:14.275"/>
</kw>
<test id="s1-s1-t1" name="Click Login Link" line="8">
<kw name="Go To Starting Page" type="SETUP">
<msg timestamp="20231120 12:25:14.279" level="FAIL">No keyword with name 'Go To Starting Page' found. Did you try using keyword 'SeleniumLibrary.Go To' and forgot to use enough whitespace between keyword and arguments?</msg>
<status status="FAIL" starttime="20231120 12:25:14.279" endtime="20231120 12:25:14.279"/>
</kw>
<status status="FAIL" starttime="20231120 12:25:14.275" endtime="20231120 12:25:14.279">Setup failed:
No keyword with name 'Go To Starting Page' found. Did you try using keyword 'SeleniumLibrary.Go To' and forgot to use enough whitespace between keyword and arguments?</status>
</test>
<test id="s1-s1-t2" name="Click Register Link" line="12">
<kw name="Go To Starting Page" type="SETUP">
<msg timestamp="20231120 12:25:14.282" level="FAIL">No keyword with name 'Go To Starting Page' found. Did you try using keyword 'SeleniumLibrary.Go To' and forgot to use enough whitespace between keyword and arguments?</msg>
<status status="FAIL" starttime="20231120 12:25:14.282" endtime="20231120 12:25:14.282"/>
</kw>
<status status="FAIL" starttime="20231120 12:25:14.279" endtime="20231120 12:25:14.282">Setup failed:
No keyword with name 'Go To Starting Page' found. Did you try using keyword 'SeleniumLibrary.Go To' and forgot to use enough whitespace between keyword and arguments?</status>
</test>
<kw name="Close Browser" library="SeleniumLibrary" type="TEARDOWN">
<doc>Closes the current browser.</doc>
<status status="PASS" starttime="20231120 12:25:14.283" endtime="20231120 12:25:14.345"/>
</kw>
<status status="FAIL" starttime="20231120 12:25:13.488" endtime="20231120 12:25:14.345"/>
</suite>
<suite id="s1-s2" name="Login" source="/home/anessina/palautusrepositorio/viikko3/web-login/src/tests/login.robot">
<kw name="Open And Configure Browser" library="resource" type="SETUP">
<kw name="Evaluate" library="BuiltIn">
<var>${options}</var>
<arg>sys.modules['selenium.webdriver'].ChromeOptions()</arg>
<arg>sys</arg>
<doc>Evaluates the given expression in Python and returns the result.</doc>
<msg timestamp="20231120 12:25:14.353" level="INFO">${options} = &lt;selenium.webdriver.chrome.options.Options object at 0x7f407152bc20&gt;</msg>
<status status="PASS" starttime="20231120 12:25:14.353" endtime="20231120 12:25:14.353"/>
</kw>
<kw name="Call Method" library="BuiltIn">
<arg>${options}</arg>
<arg>add_argument</arg>
<arg>--no-sandbox</arg>
<doc>Calls the named method of the given object with the provided arguments.</doc>
<status status="PASS" starttime="20231120 12:25:14.353" endtime="20231120 12:25:14.354"/>
</kw>
<kw name="Call Method" library="BuiltIn">
<arg>${options}</arg>
<arg>add_argument</arg>
<arg>--headless</arg>
<doc>Calls the named method of the given object with the provided arguments.</doc>
<status status="PASS" starttime="20231120 12:25:14.354" endtime="20231120 12:25:14.354"/>
</kw>
<kw name="Open Browser" library="SeleniumLibrary">
<arg>browser=chrome</arg>
<arg>options=${options}</arg>
<doc>Opens a new browser instance to the optional ``url``.</doc>
<msg timestamp="20231120 12:25:14.355" level="INFO">Opening browser 'chrome' to base url 'None'.</msg>
<status status="PASS" starttime="20231120 12:25:14.354" endtime="20231120 12:25:15.029"/>
</kw>
<kw name="Set Selenium Speed" library="SeleniumLibrary">
<arg>${DELAY}</arg>
<doc>Sets the delay that is waited after each Selenium command.</doc>
<status status="PASS" starttime="20231120 12:25:15.029" endtime="20231120 12:25:15.029"/>
</kw>
<status status="PASS" starttime="20231120 12:25:14.352" endtime="20231120 12:25:15.029"/>
</kw>
<test id="s1-s2-t1" name="Login With Correct Credentials" line="8">
<kw name="Create User And Go To Login Page" type="SETUP">
<kw name="Create User" library="AppLibrary">
<arg>kalle</arg>
<arg>kalle123</arg>
<status status="PASS" starttime="20231120 12:25:15.030" endtime="20231120 12:25:15.037"/>
</kw>
<kw name="Go To Login Page" library="resource">
<kw name="Go To" library="SeleniumLibrary">
<arg>${LOGIN_URL}</arg>
<doc>Navigates the current browser window to the provided ``url``.</doc>
<msg timestamp="20231120 12:25:15.037" level="INFO">Opening url 'http://localhost:5001/login'</msg>
<status status="PASS" starttime="20231120 12:25:15.037" endtime="20231120 12:25:15.091"/>
</kw>
<status status="PASS" starttime="20231120 12:25:15.037" endtime="20231120 12:25:15.091"/>
</kw>
<kw name="Login Page Should Be Open" library="resource">
<kw name="Title Should Be" library="SeleniumLibrary">
<arg>Login</arg>
<doc>Verifies that the current page title equals ``title``.</doc>
<msg timestamp="20231120 12:25:15.094" level="INFO">Page title is 'Login'.</msg>
<status status="PASS" starttime="20231120 12:25:15.092" endtime="20231120 12:25:15.094"/>
</kw>
<status status="PASS" starttime="20231120 12:25:15.091" endtime="20231120 12:25:15.094"/>
</kw>
<status status="PASS" starttime="20231120 12:25:15.030" endtime="20231120 12:25:15.094"/>
</kw>
<kw name="Set Username">
<arg>kalle</arg>
<kw name="Input Text" library="SeleniumLibrary">
<arg>username</arg>
<arg>${username}</arg>
<doc>Types the given ``text`` into the text field identified by ``locator``.</doc>
<msg timestamp="20231120 12:25:15.095" level="INFO">Typing text 'kalle' into text field 'username'.</msg>
<status status="PASS" starttime="20231120 12:25:15.095" endtime="20231120 12:25:15.145"/>
</kw>
<status status="PASS" starttime="20231120 12:25:15.095" endtime="20231120 12:25:15.145"/>
</kw>
<kw name="Set Password">
<arg>kalle123</arg>
<kw name="Input Password" library="SeleniumLibrary">
<arg>password</arg>
<arg>${password}</arg>
<doc>Types the given password into the text field identified by ``locator``.</doc>
<msg timestamp="20231120 12:25:15.146" level="INFO">Typing password into text field 'password'.</msg>
<msg timestamp="20231120 12:25:15.165" level="INFO">Temporally setting log level to: NONE</msg>
<msg timestamp="20231120 12:25:15.183" level="INFO">Log level changed from NONE to INFO.</msg>
<status status="PASS" starttime="20231120 12:25:15.146" endtime="20231120 12:25:15.184"/>
</kw>
<status status="PASS" starttime="20231120 12:25:15.146" endtime="20231120 12:25:15.184"/>
</kw>
<kw name="Submit Credentials">
<kw name="Click Button" library="SeleniumLibrary">
<arg>Login</arg>
<doc>Clicks the button identified by ``locator``.</doc>
<msg timestamp="20231120 12:25:15.184" level="INFO">Clicking button 'Login'.</msg>
<status status="PASS" starttime="20231120 12:25:15.184" endtime="20231120 12:25:15.222"/>
</kw>
<status status="PASS" starttime="20231120 12:25:15.184" endtime="20231120 12:25:15.223"/>
</kw>
<kw name="Login Should Succeed">
<kw name="Main Page Should Be Open" library="resource">
<kw name="Title Should Be" library="SeleniumLibrary">
<arg>Ohtu Application main page</arg>
<doc>Verifies that the current page title equals ``title``.</doc>
<msg timestamp="20231120 12:25:15.225" level="INFO">Page title is 'Ohtu Application main page'.</msg>
<status status="PASS" starttime="20231120 12:25:15.223" endtime="20231120 12:25:15.225"/>
</kw>
<status status="PASS" starttime="20231120 12:25:15.223" endtime="20231120 12:25:15.225"/>
</kw>
<status status="PASS" starttime="20231120 12:25:15.223" endtime="20231120 12:25:15.225"/>
</kw>
<status status="PASS" starttime="20231120 12:25:15.029" endtime="20231120 12:25:15.225"/>
</test>
<test id="s1-s2-t2" name="Login With Incorrect Password" line="14">
<kw name="Create User And Go To Login Page" type="SETUP">
<kw name="Create User" library="AppLibrary">
<arg>kalle</arg>
<arg>kalle123</arg>
<status status="PASS" starttime="20231120 12:25:15.226" endtime="20231120 12:25:15.231"/>
</kw>
<kw name="Go To Login Page" library="resource">
<kw name="Go To" library="SeleniumLibrary">
<arg>${LOGIN_URL}</arg>
<doc>Navigates the current browser window to the provided ``url``.</doc>
<msg timestamp="20231120 12:25:15.231" level="INFO">Opening url 'http://localhost:5001/login'</msg>
<status status="PASS" starttime="20231120 12:25:15.231" endtime="20231120 12:25:15.238"/>
</kw>
<status status="PASS" starttime="20231120 12:25:15.231" endtime="20231120 12:25:15.238"/>
</kw>
<kw name="Login Page Should Be Open" library="resource">
<kw name="Title Should Be" library="SeleniumLibrary">
<arg>Login</arg>
<doc>Verifies that the current page title equals ``title``.</doc>
<msg timestamp="20231120 12:25:15.240" level="INFO">Page title is 'Login'.</msg>
<status status="PASS" starttime="20231120 12:25:15.238" endtime="20231120 12:25:15.240"/>
</kw>
<status status="PASS" starttime="20231120 12:25:15.238" endtime="20231120 12:25:15.240"/>
</kw>
<status status="PASS" starttime="20231120 12:25:15.226" endtime="20231120 12:25:15.240"/>
</kw>
<kw name="Set Username">
<arg>kalle</arg>
<kw name="Input Text" library="SeleniumLibrary">
<arg>username</arg>
<arg>${username}</arg>
<doc>Types the given ``text`` into the text field identified by ``locator``.</doc>
<msg timestamp="20231120 12:25:15.241" level="INFO">Typing text 'kalle' into text field 'username'.</msg>
<status status="PASS" starttime="20231120 12:25:15.241" endtime="20231120 12:25:15.275"/>
</kw>
<status status="PASS" starttime="20231120 12:25:15.240" endtime="20231120 12:25:15.275"/>
</kw>
<kw name="Set Password">
<arg>kalle456</arg>
<kw name="Input Password" library="SeleniumLibrary">
<arg>password</arg>
<arg>${password}</arg>
<doc>Types the given password into the text field identified by ``locator``.</doc>
<msg timestamp="20231120 12:25:15.276" level="INFO">Typing password into text field 'password'.</msg>
<msg timestamp="20231120 12:25:15.290" level="INFO">Temporally setting log level to: NONE</msg>
<msg timestamp="20231120 12:25:15.308" level="INFO">Log level changed from NONE to INFO.</msg>
<status status="PASS" starttime="20231120 12:25:15.275" endtime="20231120 12:25:15.309"/>
</kw>
<status status="PASS" starttime="20231120 12:25:15.275" endtime="20231120 12:25:15.309"/>
</kw>
<kw name="Submit Credentials">
<kw name="Click Button" library="SeleniumLibrary">
<arg>Login</arg>
<doc>Clicks the button identified by ``locator``.</doc>
<msg timestamp="20231120 12:25:15.309" level="INFO">Clicking button 'Login'.</msg>
<status status="PASS" starttime="20231120 12:25:15.309" endtime="20231120 12:25:15.338"/>
</kw>
<status status="PASS" starttime="20231120 12:25:15.309" endtime="20231120 12:25:15.338"/>
</kw>
<kw name="Login Should Fail With Message">
<arg>Invalid username or password</arg>
<kw name="Login Page Should Be Open" library="resource">
<kw name="Title Should Be" library="SeleniumLibrary">
<arg>Login</arg>
<doc>Verifies that the current page title equals ``title``.</doc>
<msg timestamp="20231120 12:25:15.341" level="INFO">Page title is 'Login'.</msg>
<status status="PASS" starttime="20231120 12:25:15.339" endtime="20231120 12:25:15.341"/>
</kw>
<status status="PASS" starttime="20231120 12:25:15.339" endtime="20231120 12:25:15.341"/>
</kw>
<kw name="Page Should Contain" library="SeleniumLibrary">
<arg>${message}</arg>
<doc>Verifies that current page contains ``text``.</doc>
<msg timestamp="20231120 12:25:15.349" level="INFO">Current page contains text 'Invalid username or password'.</msg>
<status status="PASS" starttime="20231120 12:25:15.341" endtime="20231120 12:25:15.349"/>
</kw>
<status status="PASS" starttime="20231120 12:25:15.339" endtime="20231120 12:25:15.349"/>
</kw>
<status status="PASS" starttime="20231120 12:25:15.225" endtime="20231120 12:25:15.349"/>
</test>
<test id="s1-s2-t3" name="Login With Nonexistent Username" line="20">
<kw name="Create User And Go To Login Page" type="SETUP">
<kw name="Create User" library="AppLibrary">
<arg>kalle</arg>
<arg>kalle123</arg>
<status status="PASS" starttime="20231120 12:25:15.349" endtime="20231120 12:25:15.355"/>
</kw>
<kw name="Go To Login Page" library="resource">
<kw name="Go To" library="SeleniumLibrary">
<arg>${LOGIN_URL}</arg>
<doc>Navigates the current browser window to the provided ``url``.</doc>
<msg timestamp="20231120 12:25:15.355" level="INFO">Opening url 'http://localhost:5001/login'</msg>
<status status="PASS" starttime="20231120 12:25:15.355" endtime="20231120 12:25:15.362"/>
</kw>
<status status="PASS" starttime="20231120 12:25:15.355" endtime="20231120 12:25:15.362"/>
</kw>
<kw name="Login Page Should Be Open" library="resource">
<kw name="Title Should Be" library="SeleniumLibrary">
<arg>Login</arg>
<doc>Verifies that the current page title equals ``title``.</doc>
<msg timestamp="20231120 12:25:15.365" level="INFO">Page title is 'Login'.</msg>
<status status="PASS" starttime="20231120 12:25:15.362" endtime="20231120 12:25:15.365"/>
</kw>
<status status="PASS" starttime="20231120 12:25:15.362" endtime="20231120 12:25:15.365"/>
</kw>
<status status="PASS" starttime="20231120 12:25:15.349" endtime="20231120 12:25:15.365"/>
</kw>
<kw name="Set Username">
<arg>maria</arg>
<kw name="Input Text" library="SeleniumLibrary">
<arg>username</arg>
<arg>${username}</arg>
<doc>Types the given ``text`` into the text field identified by ``locator``.</doc>
<msg timestamp="20231120 12:25:15.366" level="INFO">Typing text 'maria' into text field 'username'.</msg>
<status status="PASS" starttime="20231120 12:25:15.365" endtime="20231120 12:25:15.399"/>
</kw>
<status status="PASS" starttime="20231120 12:25:15.365" endtime="20231120 12:25:15.399"/>
</kw>
<kw name="Set Password">
<arg>kalle111</arg>
<kw name="Input Password" library="SeleniumLibrary">
<arg>password</arg>
<arg>${password}</arg>
<doc>Types the given password into the text field identified by ``locator``.</doc>
<msg timestamp="20231120 12:25:15.400" level="INFO">Typing password into text field 'password'.</msg>
<msg timestamp="20231120 12:25:15.414" level="INFO">Temporally setting log level to: NONE</msg>
<msg timestamp="20231120 12:25:15.433" level="INFO">Log level changed from NONE to INFO.</msg>
<status status="PASS" starttime="20231120 12:25:15.399" endtime="20231120 12:25:15.433"/>
</kw>
<status status="PASS" starttime="20231120 12:25:15.399" endtime="20231120 12:25:15.433"/>
</kw>
<kw name="Submit Credentials">
<kw name="Click Button" library="SeleniumLibrary">
<arg>Login</arg>
<doc>Clicks the button identified by ``locator``.</doc>
<msg timestamp="20231120 12:25:15.434" level="INFO">Clicking button 'Login'.</msg>
<status status="PASS" starttime="20231120 12:25:15.433" endtime="20231120 12:25:15.463"/>
</kw>
<status status="PASS" starttime="20231120 12:25:15.433" endtime="20231120 12:25:15.463"/>
</kw>
<kw name="Login Should Fail With Message">
<arg>Username does not exist</arg>
<kw name="Login Page Should Be Open" library="resource">
<kw name="Title Should Be" library="SeleniumLibrary">
<arg>Login</arg>
<doc>Verifies that the current page title equals ``title``.</doc>
<msg timestamp="20231120 12:25:15.465" level="INFO">Page title is 'Login'.</msg>
<status status="PASS" starttime="20231120 12:25:15.464" endtime="20231120 12:25:15.466"/>
</kw>
<status status="PASS" starttime="20231120 12:25:15.463" endtime="20231120 12:25:15.466"/>
</kw>
<kw name="Page Should Contain" library="SeleniumLibrary">
<arg>${message}</arg>
<doc>Verifies that current page contains ``text``.</doc>
<msg timestamp="20231120 12:25:15.537" level="INFO" html="true">&lt;/td&gt;&lt;/tr&gt;&lt;tr&gt;&lt;td colspan="3"&gt;&lt;a href="selenium-screenshot-1.png"&gt;&lt;img src="selenium-screenshot-1.png" width="800px"&gt;&lt;/a&gt;</msg>
<msg timestamp="20231120 12:25:15.537" level="FAIL">Page should have contained text 'Username does not exist' but did not.</msg>
<status status="FAIL" starttime="20231120 12:25:15.466" endtime="20231120 12:25:15.538"/>
</kw>
<status status="FAIL" starttime="20231120 12:25:15.463" endtime="20231120 12:25:15.538"/>
</kw>
<status status="FAIL" starttime="20231120 12:25:15.349" endtime="20231120 12:25:15.538">Page should have contained text 'Username does not exist' but did not.</status>
</test>
<kw name="Close Browser" library="SeleniumLibrary" type="TEARDOWN">
<doc>Closes the current browser.</doc>
<status status="PASS" starttime="20231120 12:25:15.539" endtime="20231120 12:25:15.599"/>
</kw>
<status status="FAIL" starttime="20231120 12:25:14.346" endtime="20231120 12:25:15.599"/>
</suite>
<status status="FAIL" starttime="20231120 12:25:13.476" endtime="20231120 12:25:15.601"/>
</suite>
<statistics>
<total>
<stat pass="2" fail="3" skip="0">All Tests</stat>
</total>
<tag>
</tag>
<suite>
<stat pass="2" fail="3" skip="0" id="s1" name="Tests">Tests</stat>
<stat pass="0" fail="2" skip="0" id="s1-s1" name="Home">Tests.Home</stat>
<stat pass="2" fail="1" skip="0" id="s1-s2" name="Login">Tests.Login</stat>
</suite>
</statistics>
<errors>
</errors>
</robot>
