<?xml version="1.0" encoding="UTF-8"?>
<robot generator="Robot 6.1.1 (Python 3.12.0 on linux)" generated="20231120 11:55:12.131" rpa="false" schemaversion="4">
<suite id="s1" name="Tests" source="/home/anessina/palautusrepositorio/viikko3/web-login/src/tests">
<suite id="s1-s1" name="Home" source="/home/anessina/palautusrepositorio/viikko3/web-login/src/tests/home.robot">
<kw name="Open And Configure Browser" library="resource" type="SETUP">
<kw name="Evaluate" library="BuiltIn">
<var>${options}</var>
<arg>sys.modules['selenium.webdriver'].ChromeOptions()</arg>
<arg>sys</arg>
<doc>Evaluates the given expression in Python and returns the result.</doc>
<msg timestamp="20231120 11:55:12.256" level="INFO">${options} = &lt;selenium.webdriver.chrome.options.Options object at 0x7fe17ea0b320&gt;</msg>
<status status="PASS" starttime="20231120 11:55:12.256" endtime="20231120 11:55:12.256"/>
</kw>
<kw name="Call Method" library="BuiltIn">
<arg>${options}</arg>
<arg>add_argument</arg>
<arg>--no-sandbox</arg>
<doc>Calls the named method of the given object with the provided arguments.</doc>
<status status="PASS" starttime="20231120 11:55:12.256" endtime="20231120 11:55:12.257"/>
</kw>
<kw name="Open Browser" library="SeleniumLibrary">
<arg>browser=chrome</arg>
<arg>options=${options}</arg>
<doc>Opens a new browser instance to the optional ``url``.</doc>
<msg timestamp="20231120 11:55:12.257" level="INFO">Opening browser 'chrome' to base url 'None'.</msg>
<status status="PASS" starttime="20231120 11:55:12.257" endtime="20231120 11:55:13.078"/>
</kw>
<kw name="Set Selenium Speed" library="SeleniumLibrary">
<arg>${DELAY}</arg>
<doc>Sets the delay that is waited after each Selenium command.</doc>
<status status="PASS" starttime="20231120 11:55:13.079" endtime="20231120 11:55:13.079"/>
</kw>
<status status="PASS" starttime="20231120 11:55:12.256" endtime="20231120 11:55:13.079"/>
</kw>
<test id="s1-s1-t1" name="Click Login Link" line="8">
<kw name="Go To Starting Page" type="SETUP">
<msg timestamp="20231120 11:55:13.083" level="FAIL">No keyword with name 'Go To Starting Page' found. Did you try using keyword 'SeleniumLibrary.Go To' and forgot to use enough whitespace between keyword and arguments?</msg>
<status status="FAIL" starttime="20231120 11:55:13.083" endtime="20231120 11:55:13.083"/>
</kw>
<status status="FAIL" starttime="20231120 11:55:13.079" endtime="20231120 11:55:13.083">Setup failed:
No keyword with name 'Go To Starting Page' found. Did you try using keyword 'SeleniumLibrary.Go To' and forgot to use enough whitespace between keyword and arguments?</status>
</test>
<test id="s1-s1-t2" name="Click Register Link" line="12">
<kw name="Go To Starting Page" type="SETUP">
<msg timestamp="20231120 11:55:13.086" level="FAIL">No keyword with name 'Go To Starting Page' found. Did you try using keyword 'SeleniumLibrary.Go To' and forgot to use enough whitespace between keyword and arguments?</msg>
<status status="FAIL" starttime="20231120 11:55:13.086" endtime="20231120 11:55:13.086"/>
</kw>
<status status="FAIL" starttime="20231120 11:55:13.083" endtime="20231120 11:55:13.086">Setup failed:
No keyword with name 'Go To Starting Page' found. Did you try using keyword 'SeleniumLibrary.Go To' and forgot to use enough whitespace between keyword and arguments?</status>
</test>
<kw name="Close Browser" library="SeleniumLibrary" type="TEARDOWN">
<doc>Closes the current browser.</doc>
<status status="PASS" starttime="20231120 11:55:13.087" endtime="20231120 11:55:13.647"/>
</kw>
<status status="FAIL" starttime="20231120 11:55:12.143" endtime="20231120 11:55:13.647"/>
</suite>
<suite id="s1-s2" name="Login" source="/home/anessina/palautusrepositorio/viikko3/web-login/src/tests/login.robot">
<kw name="Open And Configure Browser" library="resource" type="SETUP">
<kw name="Evaluate" library="BuiltIn">
<var>${options}</var>
<arg>sys.modules['selenium.webdriver'].ChromeOptions()</arg>
<arg>sys</arg>
<doc>Evaluates the given expression in Python and returns the result.</doc>
<msg timestamp="20231120 11:55:13.655" level="INFO">${options} = &lt;selenium.webdriver.chrome.options.Options object at 0x7fe17ea971d0&gt;</msg>
<status status="PASS" starttime="20231120 11:55:13.654" endtime="20231120 11:55:13.655"/>
</kw>
<kw name="Call Method" library="BuiltIn">
<arg>${options}</arg>
<arg>add_argument</arg>
<arg>--no-sandbox</arg>
<doc>Calls the named method of the given object with the provided arguments.</doc>
<status status="PASS" starttime="20231120 11:55:13.655" endtime="20231120 11:55:13.656"/>
</kw>
<kw name="Open Browser" library="SeleniumLibrary">
<arg>browser=chrome</arg>
<arg>options=${options}</arg>
<doc>Opens a new browser instance to the optional ``url``.</doc>
<msg timestamp="20231120 11:55:13.656" level="INFO">Opening browser 'chrome' to base url 'None'.</msg>
<status status="PASS" starttime="20231120 11:55:13.656" endtime="20231120 11:55:14.493"/>
</kw>
<kw name="Set Selenium Speed" library="SeleniumLibrary">
<arg>${DELAY}</arg>
<doc>Sets the delay that is waited after each Selenium command.</doc>
<status status="PASS" starttime="20231120 11:55:14.493" endtime="20231120 11:55:14.494"/>
</kw>
<status status="PASS" starttime="20231120 11:55:13.654" endtime="20231120 11:55:14.494"/>
</kw>
<test id="s1-s2-t1" name="Login With Correct Credentials" line="8">
<kw name="Create User And Go To Login Page" type="SETUP">
<kw name="Create User" library="AppLibrary">
<arg>kalle</arg>
<arg>kalle123</arg>
<status status="PASS" starttime="20231120 11:55:14.495" endtime="20231120 11:55:14.504"/>
</kw>
<kw name="Go To Login Page" library="resource">
<kw name="Go To" library="SeleniumLibrary">
<arg>${LOGIN_URL}</arg>
<doc>Navigates the current browser window to the provided ``url``.</doc>
<msg timestamp="20231120 11:55:14.505" level="INFO">Opening url 'http://localhost:5001/login'</msg>
<status status="PASS" starttime="20231120 11:55:14.504" endtime="20231120 11:55:15.066"/>
</kw>
<status status="PASS" starttime="20231120 11:55:14.504" endtime="20231120 11:55:15.066"/>
</kw>
<kw name="Login Page Should Be Open" library="resource">
<kw name="Title Should Be" library="SeleniumLibrary">
<arg>Login</arg>
<doc>Verifies that the current page title equals ``title``.</doc>
<msg timestamp="20231120 11:55:15.578" level="INFO">Page title is 'Login'.</msg>
<status status="PASS" starttime="20231120 11:55:15.067" endtime="20231120 11:55:15.579"/>
</kw>
<status status="PASS" starttime="20231120 11:55:15.066" endtime="20231120 11:55:15.579"/>
</kw>
<status status="PASS" starttime="20231120 11:55:14.495" endtime="20231120 11:55:15.579"/>
</kw>
<kw name="Set Username">
<arg>kalle</arg>
<kw name="Input Text" library="SeleniumLibrary">
<arg>username</arg>
<arg>${username}</arg>
<doc>Types the given ``text`` into the text field identified by ``locator``.</doc>
<msg timestamp="20231120 11:55:15.583" level="INFO">Typing text 'kalle' into text field 'username'.</msg>
<status status="PASS" starttime="20231120 11:55:15.580" endtime="20231120 11:55:17.170"/>
</kw>
<status status="PASS" starttime="20231120 11:55:15.579" endtime="20231120 11:55:17.170"/>
</kw>
<kw name="Set Password">
<arg>kalle123</arg>
<kw name="Input Password" library="SeleniumLibrary">
<arg>password</arg>
<arg>${password}</arg>
<doc>Types the given password into the text field identified by ``locator``.</doc>
<msg timestamp="20231120 11:55:17.172" level="INFO">Typing password into text field 'password'.</msg>
<msg timestamp="20231120 11:55:18.219" level="INFO">Temporally setting log level to: NONE</msg>
<msg timestamp="20231120 11:55:18.759" level="INFO">Log level changed from NONE to INFO.</msg>
<status status="PASS" starttime="20231120 11:55:17.171" endtime="20231120 11:55:18.759"/>
</kw>
<status status="PASS" starttime="20231120 11:55:17.170" endtime="20231120 11:55:18.759"/>
</kw>
<kw name="Submit Credentials">
<kw name="Click Button" library="SeleniumLibrary">
<arg>Login</arg>
<doc>Clicks the button identified by ``locator``.</doc>
<msg timestamp="20231120 11:55:18.761" level="INFO">Clicking button 'Login'.</msg>
<status status="PASS" starttime="20231120 11:55:18.760" endtime="20231120 11:55:20.857"/>
</kw>
<status status="PASS" starttime="20231120 11:55:18.759" endtime="20231120 11:55:20.857"/>
</kw>
<kw name="Login Should Succeed">
<kw name="Main Page Should Be Open" library="resource">
<kw name="Title Should Be" library="SeleniumLibrary">
<arg>Ohtu Application main page</arg>
<doc>Verifies that the current page title equals ``title``.</doc>
<msg timestamp="20231120 11:55:21.366" level="INFO">Page title is 'Ohtu Application main page'.</msg>
<status status="PASS" starttime="20231120 11:55:20.859" endtime="20231120 11:55:21.367"/>
</kw>
<status status="PASS" starttime="20231120 11:55:20.858" endtime="20231120 11:55:21.367"/>
</kw>
<status status="PASS" starttime="20231120 11:55:20.858" endtime="20231120 11:55:21.367"/>
</kw>
<status status="PASS" starttime="20231120 11:55:14.494" endtime="20231120 11:55:21.367"/>
</test>
<test id="s1-s2-t2" name="Login With Incorrect Password" line="14">
<kw name="Create User And Go To Login Page" type="SETUP">
<kw name="Create User" library="AppLibrary">
<arg>kalle</arg>
<arg>kalle123</arg>
<status status="PASS" starttime="20231120 11:55:21.369" endtime="20231120 11:55:21.377"/>
</kw>
<kw name="Go To Login Page" library="resource">
<kw name="Go To" library="SeleniumLibrary">
<arg>${LOGIN_URL}</arg>
<doc>Navigates the current browser window to the provided ``url``.</doc>
<msg timestamp="20231120 11:55:21.378" level="INFO">Opening url 'http://localhost:5001/login'</msg>
<status status="PASS" starttime="20231120 11:55:21.378" endtime="20231120 11:55:21.900"/>
</kw>
<status status="PASS" starttime="20231120 11:55:21.378" endtime="20231120 11:55:21.900"/>
</kw>
<kw name="Login Page Should Be Open" library="resource">
<kw name="Title Should Be" library="SeleniumLibrary">
<arg>Login</arg>
<doc>Verifies that the current page title equals ``title``.</doc>
<msg timestamp="20231120 11:55:22.410" level="INFO">Page title is 'Login'.</msg>
<status status="PASS" starttime="20231120 11:55:21.901" endtime="20231120 11:55:22.411"/>
</kw>
<status status="PASS" starttime="20231120 11:55:21.900" endtime="20231120 11:55:22.411"/>
</kw>
<status status="PASS" starttime="20231120 11:55:21.369" endtime="20231120 11:55:22.411"/>
</kw>
<kw name="Set Username">
<arg>kalle</arg>
<kw name="Input Text" library="SeleniumLibrary">
<arg>username</arg>
<arg>${username}</arg>
<doc>Types the given ``text`` into the text field identified by ``locator``.</doc>
<msg timestamp="20231120 11:55:22.413" level="INFO">Typing text 'kalle' into text field 'username'.</msg>
<status status="PASS" starttime="20231120 11:55:22.412" endtime="20231120 11:55:24.017"/>
</kw>
<status status="PASS" starttime="20231120 11:55:22.411" endtime="20231120 11:55:24.018"/>
</kw>
<kw name="Set Password">
<arg>kalle456</arg>
<kw name="Input Password" library="SeleniumLibrary">
<arg>password</arg>
<arg>${password}</arg>
<doc>Types the given password into the text field identified by ``locator``.</doc>
<msg timestamp="20231120 11:55:24.020" level="INFO">Typing password into text field 'password'.</msg>
<msg timestamp="20231120 11:55:25.047" level="INFO">Temporally setting log level to: NONE</msg>
<msg timestamp="20231120 11:55:25.591" level="INFO">Log level changed from NONE to INFO.</msg>
<status status="PASS" starttime="20231120 11:55:24.019" endtime="20231120 11:55:25.591"/>
</kw>
<status status="PASS" starttime="20231120 11:55:24.018" endtime="20231120 11:55:25.591"/>
</kw>
<kw name="Submit Credentials">
<kw name="Click Button" library="SeleniumLibrary">
<arg>Login</arg>
<doc>Clicks the button identified by ``locator``.</doc>
<msg timestamp="20231120 11:55:25.593" level="INFO">Clicking button 'Login'.</msg>
<status status="PASS" starttime="20231120 11:55:25.592" endtime="20231120 11:55:27.680"/>
</kw>
<status status="PASS" starttime="20231120 11:55:25.591" endtime="20231120 11:55:27.680"/>
</kw>
<kw name="Login Should Fail With Message">
<arg>Invalid username or password</arg>
<kw name="Login Page Should Be Open" library="resource">
<kw name="Title Should Be" library="SeleniumLibrary">
<arg>Login</arg>
<doc>Verifies that the current page title equals ``title``.</doc>
<msg timestamp="20231120 11:55:28.190" level="INFO">Page title is 'Login'.</msg>
<status status="PASS" starttime="20231120 11:55:27.681" endtime="20231120 11:55:28.190"/>
</kw>
<status status="PASS" starttime="20231120 11:55:27.681" endtime="20231120 11:55:28.190"/>
</kw>
<kw name="Page Should Contain" library="SeleniumLibrary">
<arg>${message}</arg>
<doc>Verifies that current page contains ``text``.</doc>
<msg timestamp="20231120 11:55:29.216" level="INFO">Current page contains text 'Invalid username or password'.</msg>
<status status="PASS" starttime="20231120 11:55:28.191" endtime="20231120 11:55:29.216"/>
</kw>
<status status="PASS" starttime="20231120 11:55:27.680" endtime="20231120 11:55:29.217"/>
</kw>
<status status="PASS" starttime="20231120 11:55:21.368" endtime="20231120 11:55:29.217"/>
</test>
<kw name="Close Browser" library="SeleniumLibrary" type="TEARDOWN">
<doc>Closes the current browser.</doc>
<status status="PASS" starttime="20231120 11:55:29.218" endtime="20231120 11:55:29.777"/>
</kw>
<status status="PASS" starttime="20231120 11:55:13.647" endtime="20231120 11:55:29.777"/>
</suite>
<status status="FAIL" starttime="20231120 11:55:12.131" endtime="20231120 11:55:29.779"/>
</suite>
<statistics>
<total>
<stat pass="2" fail="2" skip="0">All Tests</stat>
</total>
<tag>
</tag>
<suite>
<stat pass="2" fail="2" skip="0" id="s1" name="Tests">Tests</stat>
<stat pass="0" fail="2" skip="0" id="s1-s1" name="Home">Tests.Home</stat>
<stat pass="2" fail="0" skip="0" id="s1-s2" name="Login">Tests.Login</stat>
</suite>
</statistics>
<errors>
</errors>
</robot>
